2024-12-31 11:00:25.251  INFO 24048 --- [restartedMain] com.app.materiel.AppMateriel             : Starting AppMateriel using Java 17.0.9 on DESKTOP-AIMQ846 with PID 24048 (C:\Users\DEV_SIG\Desktop\AppMaterielDinfo\target\classes started by DEV_SIG in C:\Users\DEV_SIG\Desktop\AppMaterielDinfo)
2024-12-31 11:00:25.253  INFO 24048 --- [restartedMain] com.app.materiel.AppMateriel             : No active profile set, falling back to 1 default profile: "default"
2024-12-31 11:00:25.457  INFO 24048 --- [restartedMain] o.s.b.devtools.restart.ChangeableUrls    : The Class-Path manifest attribute in C:\Users\DEV_SIG\.m2\repository\com\oracle\database\jdbc\ojdbc8\21.5.0.0\ojdbc8-21.5.0.0.jar referenced one or more files that do not exist: file:/C:/Users/DEV_SIG/.m2/repository/com/oracle/database/jdbc/ojdbc8/21.5.0.0/oraclepki.jar
2024-12-31 11:00:25.458  INFO 24048 --- [restartedMain] .e.DevToolsPropertyDefaultsPostProcessor : Devtools property defaults active! Set 'spring.devtools.add-properties' to 'false' to disable
2024-12-31 11:00:25.458  INFO 24048 --- [restartedMain] .e.DevToolsPropertyDefaultsPostProcessor : For additional web related logging consider setting the 'logging.level.web' property to 'DEBUG'
2024-12-31 11:00:26.062  INFO 24048 --- [restartedMain] .s.d.r.c.RepositoryConfigurationDelegate : Bootstrapping Spring Data JPA repositories in DEFAULT mode.
2024-12-31 11:00:26.164  INFO 24048 --- [restartedMain] .s.d.r.c.RepositoryConfigurationDelegate : Finished Spring Data repository scanning in 94 ms. Found 19 JPA repository interfaces.
2024-12-31 11:00:26.740  INFO 24048 --- [restartedMain] o.s.b.w.embedded.tomcat.TomcatWebServer  : Tomcat initialized with port(s): 8080 (http)
2024-12-31 11:00:26.754  INFO 24048 --- [restartedMain] o.apache.catalina.core.StandardService   : Starting service [Tomcat]
2024-12-31 11:00:26.754  INFO 24048 --- [restartedMain] org.apache.catalina.core.StandardEngine  : Starting Servlet engine: [Apache Tomcat/9.0.65]
2024-12-31 11:00:26.854  INFO 24048 --- [restartedMain] o.a.c.c.C.[Tomcat].[localhost].[/]       : Initializing Spring embedded WebApplicationContext
2024-12-31 11:00:26.855  INFO 24048 --- [restartedMain] w.s.c.ServletWebServerApplicationContext : Root WebApplicationContext: initialization completed in 1397 ms
2024-12-31 11:00:27.036  INFO 24048 --- [restartedMain] o.hibernate.jpa.internal.util.LogHelper  : HHH000204: Processing PersistenceUnitInfo [name: default]
2024-12-31 11:00:27.082  INFO 24048 --- [restartedMain] org.hibernate.Version                    : HHH000412: Hibernate ORM core version 5.6.10.Final
2024-12-31 11:00:27.233  INFO 24048 --- [restartedMain] o.hibernate.annotations.common.Version   : HCANN000001: Hibernate Commons Annotations {5.1.2.Final}
2024-12-31 11:00:27.340  INFO 24048 --- [restartedMain] com.zaxxer.hikari.HikariDataSource       : HikariPool-1 - Starting...
2024-12-31 11:00:27.499  INFO 24048 --- [restartedMain] com.zaxxer.hikari.HikariDataSource       : HikariPool-1 - Start completed.
2024-12-31 11:00:27.512  INFO 24048 --- [restartedMain] org.hibernate.dialect.Dialect            : HHH000400: Using dialect: org.hibernate.dialect.MySQL8Dialect
2024-12-31 11:00:28.777  INFO 24048 --- [restartedMain] o.h.e.t.j.p.i.JtaPlatformInitiator       : HHH000490: Using JtaPlatform implementation: [org.hibernate.engine.transaction.jta.platform.internal.NoJtaPlatform]
2024-12-31 11:00:28.784  INFO 24048 --- [restartedMain] j.LocalContainerEntityManagerFactoryBean : Initialized JPA EntityManagerFactory for persistence unit 'default'
2024-12-31 11:00:28.831  WARN 24048 --- [restartedMain] JpaBaseConfiguration$JpaWebConfiguration : spring.jpa.open-in-view is enabled by default. Therefore, database queries may be performed during view rendering. Explicitly configure spring.jpa.open-in-view to disable this warning
2024-12-31 11:00:29.844  INFO 24048 --- [restartedMain] o.s.s.web.DefaultSecurityFilterChain     : Will secure any request with [org.springframework.security.web.session.DisableEncodeUrlFilter@3b005395, org.springframework.security.web.context.request.async.WebAsyncManagerIntegrationFilter@371cdd93, org.springframework.security.web.context.SecurityContextPersistenceFilter@59c842b2, org.springframework.security.web.header.HeaderWriterFilter@17c08351, org.springframework.security.web.csrf.CsrfFilter@3f23b857, org.springframework.security.web.authentication.logout.LogoutFilter@669f9e5f, org.springframework.security.web.authentication.UsernamePasswordAuthenticationFilter@176b5b52, org.springframework.security.web.savedrequest.RequestCacheAwareFilter@5688b0f0, org.springframework.security.web.servletapi.SecurityContextHolderAwareRequestFilter@248fa762, org.springframework.security.web.authentication.AnonymousAuthenticationFilter@2dc9e576, org.springframework.security.web.session.SessionManagementFilter@583f90d3, org.springframework.security.web.access.ExceptionTranslationFilter@4383e075, org.springframework.security.web.access.intercept.FilterSecurityInterceptor@5de3015f]
2024-12-31 11:00:29.981  INFO 24048 --- [restartedMain] o.s.b.a.w.s.WelcomePageHandlerMapping    : Adding welcome page template: index
2024-12-31 11:00:30.359  INFO 24048 --- [restartedMain] o.s.b.d.a.OptionalLiveReloadServer       : LiveReload server is running on port 35729
2024-12-31 11:00:30.398  INFO 24048 --- [restartedMain] o.s.b.w.embedded.tomcat.TomcatWebServer  : Tomcat started on port(s): 8080 (http) with context path ''
2024-12-31 11:00:30.409  INFO 24048 --- [restartedMain] com.app.materiel.AppMateriel             : Started AppMateriel in 5.544 seconds (JVM running for 6.374)
2024-12-31 11:01:11.200  INFO 24048 --- [SpringApplicationShutdownHook] j.LocalContainerEntityManagerFactoryBean : Closing JPA EntityManagerFactory for persistence unit 'default'
2024-12-31 11:01:11.203  INFO 24048 --- [SpringApplicationShutdownHook] com.zaxxer.hikari.HikariDataSource       : HikariPool-1 - Shutdown initiated...
2024-12-31 11:01:11.211  INFO 24048 --- [SpringApplicationShutdownHook] com.zaxxer.hikari.HikariDataSource       : HikariPool-1 - Shutdown completed.
